Using pre-set license
Built from '2020.2/staging' branch; Version is '2020.2.7f1 (c53830e277f1) revision 12924976'; Using compiler version '192528614'; Build Type 'Release'
OS: 'Windows 10 Pro; OS build 18363.1379; Version 1909; 64bit' Language: 'ko' Physical Memory: 32655 MB
BatchMode: 1, IsHumanControllingUs: 0, StartBugReporterOnCrash: 0, Is64bit: 1, IsPro: 0

 COMMAND LINE ARGUMENTS:
C:\Program Files\2020.2.7f1\Editor\Unity.exe
-adb2
-batchMode
-noUpm
-name
AssetImportWorker0
-projectPath
C:/Users/vxvx0/Desktop/WorkSpace/Unity/git/UnityStudy/Dodge
-logFile
Logs/AssetImportWorker0.log
-srvPort
65320
Successfully changed project path to: C:/Users/vxvx0/Desktop/WorkSpace/Unity/git/UnityStudy/Dodge
C:/Users/vxvx0/Desktop/WorkSpace/Unity/git/UnityStudy/Dodge
Using Asset Import Pipeline V2.
Refreshing native plugins compatible for Editor in 19.63 ms, found 0 plugins.
Preloading 0 native plugins for Editor in 0.00 ms.
Initialize engine version: 2020.2.7f1 (c53830e277f1)
[Subsystems] Discovering subsystems at path C:/Program Files/2020.2.7f1/Editor/Data/Resources/UnitySubsystems
[Subsystems] Discovering subsystems at path C:/Users/vxvx0/Desktop/WorkSpace/Unity/git/UnityStudy/Dodge/Assets
GfxDevice: creating device client; threaded=0
Direct3D:
    Version:  Direct3D 11.0 [level 11.1]
    Renderer: NVIDIA GeForce RTX 2070 (ID=0x1f07)
    Vendor:   
    VRAM:     8031 MB
    Driver:   27.21.14.6140
Initialize mono
Mono path[0] = 'C:/Program Files/2020.2.7f1/Editor/Data/Managed'
Mono path[1] = 'C:/Program Files/2020.2.7f1/Editor/Data/MonoBleedingEdge/lib/mono/unityjit'
Mono config path = 'C:/Program Files/2020.2.7f1/Editor/Data/MonoBleedingEdge/etc'
Using monoOptions --debugger-agent=transport=dt_socket,embedding=1,server=y,suspend=n,address=127.0.0.1:56072
Begin MonoManager ReloadAssembly
Registering precompiled unity dll's ...
Register platform support module: C:/Program Files/2020.2.7f1/Editor/Data/PlaybackEngines/WindowsStandaloneSupport/UnityEditor.WindowsStandalone.Extensions.dll
Registered in 0.003557 seconds.
Native extension for WindowsStandalone target not found
Refreshing native plugins compatible for Editor in 19.48 ms, found 0 plugins.
Preloading 0 native plugins for Editor in 0.00 ms.
Invoked RoslynAnalysisRunner static constructor.
RoslynAnalysisRunner will not be running.
RoslynAnalysisRunner has terminated.
Mono: successfully reloaded assembly
- Completed reload, in  0.987 seconds
Platform modules already initialized, skipping
Registering precompiled user dll's ...
Registered in 0.000805 seconds.
Begin MonoManager ReloadAssembly
Native extension for WindowsStandalone target not found
Refreshing native plugins compatible for Editor in 0.20 ms, found 0 plugins.
Preloading 0 native plugins for Editor in 0.00 ms.
Invoked RoslynAnalysisRunner static constructor.
RoslynAnalysisRunner will not be running.
RoslynAnalysisRunner has terminated.
Mono: successfully reloaded assembly
- Completed reload, in  0.696 seconds
Platform modules already initialized, skipping
========================================================================
Worker process is ready to serve import requests
Launched and connected shader compiler UnityShaderCompiler.exe after 0.04 seconds
Refreshing native plugins compatible for Editor in 0.21 ms, found 0 plugins.
Preloading 0 native plugins for Editor in 0.00 ms.
Unloading 1114 Unused Serialized files (Serialized files now loaded: 0)
System memory in use before: 56.9 MB.
System memory in use after: 57.0 MB.

Unloading 10 unused Assets to reduce memory usage. Loaded Objects now: 1556.
Total: 1.512100 ms (FindLiveObjects: 0.136400 ms CreateObjectMapping: 0.028100 ms MarkObjects: 1.271600 ms  DeleteObjects: 0.075200 ms)

========================================================================
Received Import Request.
  path: Assets/Scripts/PlayerController.cs
  artifactKey: Guid(d973c40e556c6e547a45bf272d59293e) Importer(815301076,1909f56bfc062723c751e8b465ee728b)
Start importing Assets/Scripts/PlayerController.cs using Guid(d973c40e556c6e547a45bf272d59293e) Importer(815301076,1909f56bfc062723c751e8b465ee728b)  -> (artifact id: '9272795a79f727345ea8678040becfd6') in 0.024287 seconds
  Import took 0.025938 seconds .

========================================================================
Received Import Request.
  Time since last request: 11.113069 seconds.
  path: Assets/Scripts/PlayerController.cs
  artifactKey: Guid(d973c40e556c6e547a45bf272d59293e) Importer(815301076,1909f56bfc062723c751e8b465ee728b)
Start importing Assets/Scripts/PlayerController.cs using Guid(d973c40e556c6e547a45bf272d59293e) Importer(815301076,1909f56bfc062723c751e8b465ee728b)  -> (artifact id: '8412e7944be0d063b8e0a9ee35bfd95d') in 0.003318 seconds
  Import took 0.005118 seconds .

========================================================================
Received Import Request.
  Time since last request: 93.797637 seconds.
  path: Assets/Scripts/PlayerController.cs
  artifactKey: Guid(d973c40e556c6e547a45bf272d59293e) Importer(815301076,1909f56bfc062723c751e8b465ee728b)
Start importing Assets/Scripts/PlayerController.cs using Guid(d973c40e556c6e547a45bf272d59293e) Importer(815301076,1909f56bfc062723c751e8b465ee728b)  -> (artifact id: '65791255296dbf727c87e57e49a8e754') in 0.003390 seconds
  Import took 0.005165 seconds .

========================================================================
Received Import Request.
  Time since last request: 0.002150 seconds.
  path: Assets/Scripts/PlayerController.cs
  artifactKey: Guid(d973c40e556c6e547a45bf272d59293e) Importer(815301076,1909f56bfc062723c751e8b465ee728b)
Start importing Assets/Scripts/PlayerController.cs using Guid(d973c40e556c6e547a45bf272d59293e) Importer(815301076,1909f56bfc062723c751e8b465ee728b)  -> (artifact id: '65791255296dbf727c87e57e49a8e754') in 0.003735 seconds
  Import took 0.005645 seconds .

========================================================================
Received Import Request.
  Time since last request: 2.920356 seconds.
  path: Assets/Scripts/PlayerController.cs
  artifactKey: Guid(d973c40e556c6e547a45bf272d59293e) Importer(815301076,1909f56bfc062723c751e8b465ee728b)
Start importing Assets/Scripts/PlayerController.cs using Guid(d973c40e556c6e547a45bf272d59293e) Importer(815301076,1909f56bfc062723c751e8b465ee728b)  -> (artifact id: '8a7258eb23adc93809cc5edfc9bdaad8') in 0.003225 seconds
  Import took 0.005014 seconds .

========================================================================
Received Import Request.
  Time since last request: 0.003021 seconds.
  path: Assets/Scripts/PlayerController.cs
  artifactKey: Guid(d973c40e556c6e547a45bf272d59293e) Importer(815301076,1909f56bfc062723c751e8b465ee728b)
Start importing Assets/Scripts/PlayerController.cs using Guid(d973c40e556c6e547a45bf272d59293e) Importer(815301076,1909f56bfc062723c751e8b465ee728b)  -> (artifact id: '8a7258eb23adc93809cc5edfc9bdaad8') in 0.003495 seconds
  Import took 0.005621 seconds .

========================================================================
Received Prepare
Registering precompiled user dll's ...
Registered in 0.000910 seconds.
Begin MonoManager ReloadAssembly
Native extension for WindowsStandalone target not found
Refreshing native plugins compatible for Editor in 0.20 ms, found 0 plugins.
Preloading 0 native plugins for Editor in 0.00 ms.
Invoked RoslynAnalysisRunner static constructor.
RoslynAnalysisRunner will not be running.
RoslynAnalysisRunner has terminated.
Mono: successfully reloaded assembly
- Completed reload, in  0.639 seconds
Platform modules already initialized, skipping
Refreshing native plugins compatible for Editor in 0.20 ms, found 0 plugins.
Preloading 0 native plugins for Editor in 0.00 ms.
Unloading 1109 Unused Serialized files (Serialized files now loaded: 0)
System memory in use before: 56.9 MB.
System memory in use after: 57.0 MB.

Unloading 5 unused Assets to reduce memory usage. Loaded Objects now: 1559.
Total: 1.663200 ms (FindLiveObjects: 0.226300 ms CreateObjectMapping: 0.030500 ms MarkObjects: 1.360100 ms  DeleteObjects: 0.044700 ms)

========================================================================
Received Prepare
Registering precompiled user dll's ...
Registered in 0.000786 seconds.
Begin MonoManager ReloadAssembly
Native extension for WindowsStandalone target not found
Refreshing native plugins compatible for Editor in 0.20 ms, found 0 plugins.
Preloading 0 native plugins for Editor in 0.00 ms.
Invoked RoslynAnalysisRunner static constructor.
RoslynAnalysisRunner will not be running.
RoslynAnalysisRunner has terminated.
Mono: successfully reloaded assembly
- Completed reload, in  0.632 seconds
Platform modules already initialized, skipping
Refreshing native plugins compatible for Editor in 0.19 ms, found 0 plugins.
Preloading 0 native plugins for Editor in 0.00 ms.
Unloading 1109 Unused Serialized files (Serialized files now loaded: 0)
System memory in use before: 56.9 MB.
System memory in use after: 57.0 MB.

Unloading 5 unused Assets to reduce memory usage. Loaded Objects now: 1562.
Total: 1.385500 ms (FindLiveObjects: 0.128000 ms CreateObjectMapping: 0.023100 ms MarkObjects: 1.182800 ms  DeleteObjects: 0.050600 ms)

========================================================================
Received Prepare
Registering precompiled user dll's ...
Registered in 0.000914 seconds.
Begin MonoManager ReloadAssembly
Native extension for WindowsStandalone target not found
Refreshing native plugins compatible for Editor in 0.19 ms, found 0 plugins.
Preloading 0 native plugins for Editor in 0.00 ms.
Invoked RoslynAnalysisRunner static constructor.
RoslynAnalysisRunner will not be running.
RoslynAnalysisRunner has terminated.
Mono: successfully reloaded assembly
- Completed reload, in  0.636 seconds
Platform modules already initialized, skipping
Refreshing native plugins compatible for Editor in 0.15 ms, found 0 plugins.
Preloading 0 native plugins for Editor in 0.00 ms.
Unloading 1109 Unused Serialized files (Serialized files now loaded: 0)
System memory in use before: 56.9 MB.
System memory in use after: 57.0 MB.

Unloading 5 unused Assets to reduce memory usage. Loaded Objects now: 1565.
Total: 1.276600 ms (FindLiveObjects: 0.123900 ms CreateObjectMapping: 0.023800 ms MarkObjects: 1.095200 ms  DeleteObjects: 0.033100 ms)

========================================================================
Received Import Request.
  Time since last request: 1138.578288 seconds.
  path: Assets/Scripts/PlayerController.cs
  artifactKey: Guid(d973c40e556c6e547a45bf272d59293e) Importer(815301076,1909f56bfc062723c751e8b465ee728b)
Start importing Assets/Scripts/PlayerController.cs using Guid(d973c40e556c6e547a45bf272d59293e) Importer(815301076,1909f56bfc062723c751e8b465ee728b)  -> (artifact id: 'c2a89b5c1bc8c0ed10053d6970a678a8') in 0.004811 seconds
  Import took 0.006379 seconds .

========================================================================
Received Prepare
Registering precompiled user dll's ...
Registered in 0.000772 seconds.
Begin MonoManager ReloadAssembly
Native extension for WindowsStandalone target not found
Refreshing native plugins compatible for Editor in 0.21 ms, found 0 plugins.
Preloading 0 native plugins for Editor in 0.00 ms.
Invoked RoslynAnalysisRunner static constructor.
RoslynAnalysisRunner will not be running.
RoslynAnalysisRunner has terminated.
Mono: successfully reloaded assembly
- Completed reload, in  0.629 seconds
Platform modules already initialized, skipping
Refreshing native plugins compatible for Editor in 0.19 ms, found 0 plugins.
Preloading 0 native plugins for Editor in 0.00 ms.
Unloading 1109 Unused Serialized files (Serialized files now loaded: 0)
System memory in use before: 56.9 MB.
System memory in use after: 57.0 MB.

Unloading 5 unused Assets to reduce memory usage. Loaded Objects now: 1568.
Total: 1.375900 ms (FindLiveObjects: 0.127000 ms CreateObjectMapping: 0.023900 ms MarkObjects: 1.176600 ms  DeleteObjects: 0.047500 ms)

========================================================================
Received Prepare
Registering precompiled user dll's ...
Registered in 0.000761 seconds.
Begin MonoManager ReloadAssembly
Native extension for WindowsStandalone target not found
Refreshing native plugins compatible for Editor in 0.20 ms, found 0 plugins.
Preloading 0 native plugins for Editor in 0.00 ms.
Invoked RoslynAnalysisRunner static constructor.
RoslynAnalysisRunner will not be running.
RoslynAnalysisRunner has terminated.
Mono: successfully reloaded assembly
- Completed reload, in  0.620 seconds
Platform modules already initialized, skipping
Refreshing native plugins compatible for Editor in 0.19 ms, found 0 plugins.
Preloading 0 native plugins for Editor in 0.00 ms.
Unloading 1109 Unused Serialized files (Serialized files now loaded: 0)
System memory in use before: 56.9 MB.
System memory in use after: 57.0 MB.

Unloading 5 unused Assets to reduce memory usage. Loaded Objects now: 1571.
Total: 1.347100 ms (FindLiveObjects: 0.138100 ms CreateObjectMapping: 0.024400 ms MarkObjects: 1.138100 ms  DeleteObjects: 0.045800 ms)

========================================================================
Received Import Request.
  Time since last request: 1622.994831 seconds.
  path: Assets/Prefabs
  artifactKey: Guid(7e77b27ef2c51984ab1e421bbe6467ca) Importer(815301076,1909f56bfc062723c751e8b465ee728b)
Start importing Assets/Prefabs using Guid(7e77b27ef2c51984ab1e421bbe6467ca) Importer(815301076,1909f56bfc062723c751e8b465ee728b)  -> (artifact id: 'e0fdf1db5bfaa225a352813c5b646c39') in 0.006502 seconds
  Import took 0.008402 seconds .

========================================================================
Received Import Request.
  Time since last request: 5.757169 seconds.
  path: Assets/Prefabs/Bullet.prefab
  artifactKey: Guid(0cc61b2edf41c2c4f9773fb4f240974c) Importer(815301076,1909f56bfc062723c751e8b465ee728b)
Start importing Assets/Prefabs/Bullet.prefab using Guid(0cc61b2edf41c2c4f9773fb4f240974c) Importer(815301076,1909f56bfc062723c751e8b465ee728b)  -> (artifact id: '6d8b4a36fede9cc83bad69161da6dfa2') in 0.069028 seconds
  Import took 0.070807 seconds .

========================================================================
Received Import Request.
  Time since last request: 0.000589 seconds.
  path: Assets/Prefabs/Bullet.prefab
  artifactKey: Guid(0cc61b2edf41c2c4f9773fb4f240974c) Importer(815301076,1909f56bfc062723c751e8b465ee728b)
Start importing Assets/Prefabs/Bullet.prefab using Guid(0cc61b2edf41c2c4f9773fb4f240974c) Importer(815301076,1909f56bfc062723c751e8b465ee728b)  -> (artifact id: '6d8b4a36fede9cc83bad69161da6dfa2') in 0.008842 seconds
  Import took 0.010373 seconds .

========================================================================
Received Import Request.
  Time since last request: 30.310165 seconds.
  path: Assets/Scripts/Bullet.cs
  artifactKey: Guid(cf2aa9b11df362348b38c2060f5cbb54) Importer(815301076,1909f56bfc062723c751e8b465ee728b)
Start importing Assets/Scripts/Bullet.cs using Guid(cf2aa9b11df362348b38c2060f5cbb54) Importer(815301076,1909f56bfc062723c751e8b465ee728b)  -> (artifact id: 'f508c689774e18840ccfbb4279a00283') in 0.003581 seconds
  Import took 0.005346 seconds .

========================================================================
Received Prepare
Registering precompiled user dll's ...
Registered in 0.000783 seconds.
Begin MonoManager ReloadAssembly
Native extension for WindowsStandalone target not found
Refreshing native plugins compatible for Editor in 0.19 ms, found 0 plugins.
Preloading 0 native plugins for Editor in 0.00 ms.
Invoked RoslynAnalysisRunner static constructor.
RoslynAnalysisRunner will not be running.
RoslynAnalysisRunner has terminated.
Mono: successfully reloaded assembly
- Completed reload, in  0.633 seconds
Platform modules already initialized, skipping
Refreshing native plugins compatible for Editor in 0.21 ms, found 0 plugins.
Preloading 0 native plugins for Editor in 0.00 ms.
Unloading 1110 Unused Serialized files (Serialized files now loaded: 0)
System memory in use before: 60.1 MB.
System memory in use after: 60.2 MB.

Unloading 5 unused Assets to reduce memory usage. Loaded Objects now: 1583.
Total: 1.344900 ms (FindLiveObjects: 0.148900 ms CreateObjectMapping: 0.024700 ms MarkObjects: 1.121400 ms  DeleteObjects: 0.049300 ms)

AssetImportWorkerClient::OnTransportError - code=2 error=End of file
